[    0.000000] Linux version 4.15.0-212-generic (buildd@lcy02-amd64-083) (gcc version 7.5.0 (Ubuntu 7.5.0-3ubuntu1~18.04)) #223-Ubuntu SMP Tue May 23 13:09:22 UTC 2023 (Ubuntu 4.15.0-212.223-generic 4.15.18)
[    0.000000] Command line: BOOT_IMAGE=/boot/vmlinuz-4.15.0-212-generic root=LABEL=cloudimg-rootfs ro console=tty1 console=ttyS0
[    0.000000] KERNEL supported cpus:
[    0.000000]   Intel GenuineIntel
[    0.000000]   AMD AuthenticAMD
[    0.000000]   Centaur CentaurHauls
[    0.000000] x86/fpu: Supporting XSAVE feature 0x001: 'x87 floating point registers'
[    0.000000] x86/fpu: Supporting XSAVE feature 0x002: 'SSE registers'
[    0.000000] x86/fpu: Supporting XSAVE feature 0x004: 'AVX registers'
[    0.000000] x86/fpu: xstate_offset[2]:  576, xstate_sizes[2]:  256
[    0.000000] x86/fpu: Enabled xstate features 0x7, context size is 832 bytes, using 'standard' format.
[    0.000000] e820: BIOS-provided physical RAM map:
[    0.000000] BIOS-e820: [mem 0x0000000000000000-0x000000000009fbff] usable
[    0.000000] BIOS-e820: [mem 0x000000000009fc00-0x000000000009ffff] reserved
[    0.000000] BIOS-e820: [mem 0x00000000000f0000-0x00000000000fffff] reserved
[    0.000000] BIOS-e820: [mem 0x0000000000100000-0x000000007ffeffff] usable
[    0.000000] BIOS-e820: [mem 0x000000007fff0000-0x000000007fffffff] ACPI data
[    0.000000] BIOS-e820: [mem 0x00000000fec00000-0x00000000fec00fff] reserved
[    0.000000] BIOS-e820: [mem 0x00000000fee00000-0x00000000fee00fff] reserved
[    0.000000] BIOS-e820: [mem 0x00000000fffc0000-0x00000000ffffffff] reserved
[    0.000000] NX (Execute Disable) protection: active
[    0.000000] SMBIOS 2.5 present.
[    0.000000] DMI: innotek GmbH VirtualBox/VirtualBox, BIOS VirtualBox 12/01/2006
[    0.000000] Hypervisor detected: KVM
[    0.000000] e820: last_pfn = 0x7fff0 max_arch_pfn = 0x400000000
[    0.000000] MTRR: Disabled
[    0.000000] x86/PAT: MTRRs disabled, skipping PAT initialization too.
[    0.000000] CPU MTRRs all blank - virtualized system.
[    0.000000] x86/PAT: Configuration [0-7]: WB  WT  UC- UC  WB  WT  UC- UC  
[    0.000000] found SMP MP-table at [mem 0x0009fff0-0x0009ffff]
[    0.000000] Scanning 1 areas for low memory corruption
[    0.000000] RAMDISK: [mem 0x359cb000-0x36cdcfff]
[    0.000000] ACPI: Early table checksum verification disabled
[    0.000000] ACPI: RSDP 0x00000000000E0000 000024 (v02 VBOX  )
[    0.000000] ACPI: XSDT 0x000000007FFF0030 00003C (v01 VBOX   VBOXXSDT 00000001 ASL  00000061)
[    0.000000] ACPI: FACP 0x000000007FFF00F0 0000F4 (v04 VBOX   VBOXFACP 00000001 ASL  00000061)
[    0.000000] ACPI: DSDT 0x000000007FFF0470 002325 (v02 VBOX   VBOXBIOS 00000002 INTL 20200925)
[    0.000000] ACPI: FACS 0x000000007FFF0200 000040
[    0.000000] ACPI: FACS 0x000000007FFF0200 000040
[    0.000000] ACPI: APIC 0x000000007FFF0240 00005C (v02 VBOX   VBOXAPIC 00000001 ASL  00000061)
[    0.000000] ACPI: SSDT 0x000000007FFF02A0 0001CC (v01 VBOX   VBOXCPUT 00000002 INTL 20200925)
[    0.000000] ACPI: Reserving FACP table memory at [mem 0x7fff00f0-0x7fff01e3]
[    0.000000] ACPI: Reserving DSDT table memory at [mem 0x7fff0470-0x7fff2794]
[    0.000000] ACPI: Reserving FACS table memory at [mem 0x7fff0200-0x7fff023f]
[    0.000000] ACPI: Reserving FACS table memory at [mem 0x7fff0200-0x7fff023f]
[    0.000000] ACPI: Reserving APIC table memory at [mem 0x7fff0240-0x7fff029b]
[    0.000000] ACPI: Reserving SSDT table memory at [mem 0x7fff02a0-0x7fff046b]
[    0.000000] No NUMA configuration found
[    0.000000] Faking a node at [mem 0x0000000000000000-0x000000007ffeffff]
[    0.000000] NODE_DATA(0) allocated [mem 0x7ffc5000-0x7ffeffff]
[    0.000000] kvm-clock: cpu 0, msr 0:7ff44001, primary cpu clock
[    0.000000] kvm-clock: Using msrs 4b564d01 and 4b564d00
[    0.000000] kvm-clock: using sched offset of 3068271819 cycles
[    0.000000] clocksource: kvm-clock: mask: 0xffffffffffffffff max_cycles: 0x1cd42e4dffb, max_idle_ns: 881590591483 ns
[    0.000000] Zone ranges:
[    0.000000]   DMA      [mem 0x0000000000001000-0x0000000000ffffff]
[    0.000000]   DMA32    [mem 0x0000000001000000-0x000000007ffeffff]
[    0.000000]   Normal   empty
[    0.000000]   Device   empty
[    0.000000] Movable zone start for each node
[    0.000000] Early memory node ranges
[    0.000000]   node   0: [mem 0x0000000000001000-0x000000000009efff]
[    0.000000]   node   0: [mem 0x0000000000100000-0x000000007ffeffff]
[    0.000000] Reserved but unavailable: 104 pages
[    0.000000] Initmem setup node 0 [mem 0x0000000000001000-0x000000007ffeffff]
[    0.000000] ACPI: PM-Timer IO Port: 0x4008
[    0.000000] IOAPIC[0]: apic_id 2, version 32, address 0xfec00000, GSI 0-23
[    0.000000] ACPI: INT_SRC_OVR (bus 0 bus_irq 0 global_irq 2 dfl dfl)
[    0.000000] ACPI: INT_SRC_OVR (bus 0 bus_irq 9 global_irq 9 low level)
[    0.000000] Using ACPI (MADT) for SMP configuration information
[    0.000000] smpboot: Allowing 2 CPUs, 0 hotplug CPUs
[    0.000000] PM: Registered nosave memory: [mem 0x00000000-0x00000fff]
[    0.000000] PM: Registered nosave memory: [mem 0x0009f000-0x0009ffff]
[    0.000000] PM: Registered nosave memory: [mem 0x000a0000-0x000effff]
[    0.000000] PM: Registered nosave memory: [mem 0x000f0000-0x000fffff]
[    0.000000] e820: [mem 0x80000000-0xfebfffff] available for PCI devices
[    0.000000] Booting paravirtualized kernel on KVM
[    0.000000] clocksource: refined-jiffies: mask: 0xffffffff max_cycles: 0xffffffff, max_idle_ns: 7645519600211568 ns
[    0.000000] setup_percpu: NR_CPUS:8192 nr_cpumask_bits:2 nr_cpu_ids:2 nr_node_ids:1
[    0.000000] percpu: Embedded 50 pages/cpu s167936 r8192 d28672 u1048576
[    0.000000] PV qspinlock hash table entries: 256 (order: 0, 4096 bytes)
[    0.000000] Built 1 zonelists, mobility grouping on.  Total pages: 515961
[    0.000000] Policy zone: DMA32
[    0.000000] Kernel command line: BOOT_IMAGE=/boot/vmlinuz-4.15.0-212-generic root=LABEL=cloudimg-rootfs ro console=tty1 console=ttyS0
[    0.000000] Memory: 2014836K/2096696K available (12300K kernel code, 2477K rwdata, 4324K rodata, 2480K init, 2720K bss, 81860K reserved, 0K cma-reserved)
[    0.000000] SLUB: HWalign=64, Order=0-3, MinObjects=0, CPUs=2, Nodes=1
[    0.000000] Kernel/User page tables isolation: enabled
[    0.000000] ftrace: allocating 39508 entries in 155 pages
[    0.004000] Hierarchical RCU implementation.
[    0.004000] 	RCU restricting CPUs from NR_CPUS=8192 to nr_cpu_ids=2.
[    0.004000] 	Tasks RCU enabled.
[    0.004000] RCU: Adjusting geometry for rcu_fanout_leaf=16, nr_cpu_ids=2
[    0.004000] NR_IRQS: 524544, nr_irqs: 440, preallocated irqs: 16
[    0.004000] random: crng init done
[    0.004000] Console: colour VGA+ 80x25
[    0.004000] console [tty1] enabled
[    0.004000] console [ttyS0] enabled
[    0.004000] ACPI: Core revision 20170831
[    0.004000] ACPI: 2 ACPI AML tables successfully acquired and loaded
[    0.004000] APIC: Switch to symmetric I/O mode setup
[    0.004000] x2apic enabled
[    0.004000] Switched APIC routing to physical x2apic.
[    0.004000] ..TIMER: vector=0x30 apic1=0 pin1=2 apic2=-1 pin2=-1
[    0.004000] tsc: Detected 2495.998 MHz processor
[    0.004000] Calibrating delay loop (skipped) preset value.. 4991.99 BogoMIPS (lpj=9983992)
[    0.004005] pid_max: default: 32768 minimum: 301
[    0.004539] Security Framework initialized
[    0.005015] Yama: becoming mindful.
[    0.005442] AppArmor: AppArmor initialized
[    0.006830] Dentry cache hash table entries: 262144 (order: 9, 2097152 bytes)
[    0.008615] Inode-cache hash table entries: 131072 (order: 8, 1048576 bytes)
[    0.009394] Mount-cache hash table entries: 4096 (order: 3, 32768 bytes)
[    0.010113] Mountpoint-cache hash table entries: 4096 (order: 3, 32768 bytes)
[    0.011080] Last level iTLB entries: 4KB 0, 2MB 0, 4MB 0
[    0.011675] Last level dTLB entries: 4KB 0, 2MB 0, 4MB 0, 1GB 0
[    0.012002] Spectre V1 : Mitigation: usercopy/swapgs barriers and __user pointer sanitization
[    0.012921] Spectre V2 : Mitigation: Retpolines
[    0.013436] Spectre V2 : Spectre v2 / SpectreRSB mitigation: Filling RSB on context switch
[    0.014359] Spectre V2 : Spectre v2 / SpectreRSB : Filling RSB on VMEXIT
[    0.015076] Speculative Store Bypass: Vulnerable
[    0.016028] MDS: Mitigation: Clear CPU buffers
[    0.016665] Freeing SMP alternatives memory: 36K
[    0.127467] smpboot: CPU0: 12th Gen Intel(R) Core(TM) i5-1235U (family: 0x6, model: 0x9a, stepping: 0x4)
[    0.128000] Performance Events: unsupported p6 CPU model 154 no PMU driver, software events only.
[    0.128000] Hierarchical SRCU implementation.
[    0.128000] NMI watchdog: Perf event create on CPU 0 failed with -2
[    0.128000] NMI watchdog: Perf NMI watchdog permanently disabled
[    0.128030] smp: Bringing up secondary CPUs ...
[    0.128632] x86: Booting SMP configuration:
[    0.129208] .... node  #0, CPUs:      #1
[    0.004000] kvm-clock: cpu 1, msr 0:7ff44041, secondary cpu clock
[    0.134091] smp: Brought up 1 node, 2 CPUs
[    0.134091] smpboot: Max logical packages: 1
[    0.134091] smpboot: Total of 2 processors activated (9983.99 BogoMIPS)
[    0.136109] devtmpfs: initialized
[    0.136497] x86/mm: Memory block size: 128MB
[    0.137178] evm: security.selinux
[    0.137636] evm: security.SMACK64
[    0.138097] evm: security.SMACK64EXEC
[    0.138586] evm: security.SMACK64TRANSMUTE
[    0.139145] evm: security.SMACK64MMAP
[    0.140003] evm: security.apparmor
[    0.140460] evm: security.ima
[    0.140870] evm: security.capability
[    0.141361] clocksource: jiffies: mask: 0xffffffff max_cycles: 0xffffffff, max_idle_ns: 7645041785100000 ns
[    0.141361] futex hash table entries: 512 (order: 3, 32768 bytes)
[    0.141918] pinctrl core: initialized pinctrl subsystem
[    0.144078] RTC time: 20:39:10, date: 01/10/24
[    0.144779] NET: Registered protocol family 16
[    0.145361] audit: initializing netlink subsys (disabled)
[    0.146025] audit: type=2000 audit(1704919154.677:1): state=initialized audit_enabled=0 res=1
[    0.148013] cpuidle: using governor ladder
[    0.148512] cpuidle: using governor menu
[    0.148997] ACPI: bus type PCI registered
[    0.149467] acpiphp: ACPI Hot Plug PCI Controller Driver version: 0.5
[    0.150258] PCI: Using configuration type 1 for base access
[    0.152971] HugeTLB registered 2.00 MiB page size, pre-allocated 0 pages
[    0.153047] ACPI: Added _OSI(Module Device)
[    0.153047] ACPI: Added _OSI(Processor Device)
[    0.156007] ACPI: Added _OSI(3.0 _SCP Extensions)
[    0.156563] ACPI: Added _OSI(Processor Aggregator Device)
[    0.157179] ACPI: Added _OSI(Linux-Dell-Video)
[    0.157700] ACPI: Added _OSI(Linux-Lenovo-NV-HDMI-Audio)
[    0.158317] ACPI: Added _OSI(Linux-HPI-Hybrid-Graphics)
[    0.159158] ACPI: Executed 1 blocks of module-level executable AML code
[    0.161760] ACPI: Interpreter enabled
[    0.162213] ACPI: (supports S0 S5)
[    0.162618] ACPI: Using IOAPIC for interrupt routing
[    0.163304] PCI: Using host bridge windows from ACPI; if necessary, use "pci=nocrs" and report a bug
[    0.164000] ACPI: Enabled 2 GPEs in block 00 to 07
[    0.170060] ACPI: PCI Root Bridge [PCI0] (domain 0000 [bus 00-ff])
[    0.170742] acpi PNP0A03:00: _OSC: OS supports [ASPM ClockPM Segments MSI]
[    0.171753] acpi PNP0A03:00: _OSC: not requesting OS control; OS requires [ExtendedConfig ASPM ClockPM MSI]
[    0.172006] acpi PNP0A03:00: fail to add MMCONFIG information, can't access extended PCI configuration space under this bridge.
[    0.173314] PCI host bridge to bus 0000:00
[    0.173752] pci_bus 0000:00: root bus resource [io  0x0000-0x0cf7 window]
[    0.174423] pci_bus 0000:00: root bus resource [io  0x0d00-0xffff window]
[    0.175129] pci_bus 0000:00: root bus resource [mem 0x000a0000-0x000bffff window]
[    0.176001] pci_bus 0000:00: root bus resource [mem 0x80000000-0xfdffffff window]
[    0.177084] pci_bus 0000:00: root bus resource [bus 00-ff]
[    0.178740] pci 0000:00:01.1: legacy IDE quirk: reg 0x10: [io  0x01f0-0x01f7]
[    0.179481] pci 0000:00:01.1: legacy IDE quirk: reg 0x14: [io  0x03f6]
[    0.180001] pci 0000:00:01.1: legacy IDE quirk: reg 0x18: [io  0x0170-0x0177]
[    0.180712] pci 0000:00:01.1: legacy IDE quirk: reg 0x1c: [io  0x0376]
[    0.198711] pci 0000:00:07.0: quirk: [io  0x4000-0x403f] claimed by PIIX4 ACPI
[    0.200022] pci 0000:00:07.0: quirk: [io  0x4100-0x410f] claimed by PIIX4 SMB
[    0.212240] ACPI: PCI Interrupt Link [LNKA] (IRQs 5 9 10 *11)
[    0.213054] ACPI: PCI Interrupt Link [LNKB] (IRQs 5 9 *10 11)
[    0.213685] ACPI: PCI Interrupt Link [LNKC] (IRQs 5 *9 10 11)
[    0.214321] ACPI: PCI Interrupt Link [LNKD] (IRQs 5 9 10 *11)
[    0.215131] SCSI subsystem initialized
[    0.215565] pci 0000:00:02.0: vgaarb: setting as boot VGA device
[    0.215565] pci 0000:00:02.0: vgaarb: VGA device added: decodes=io+mem,owns=io+mem,locks=none
[    0.216006] pci 0000:00:02.0: vgaarb: bridge control possible
[    0.216592] vgaarb: loaded
[    0.216919] ACPI: bus type USB registered
[    0.217354] usbcore: registered new interface driver usbfs
[    0.217921] usbcore: registered new interface driver hub
[    0.218465] usbcore: registered new device driver usb
[    0.220036] EDAC MC: Ver: 3.0.0
[    0.220515] PCI: Using ACPI for IRQ routing
[    0.220642] NetLabel: Initializing
[    0.221013] NetLabel:  domain hash size = 128
[    0.221469] NetLabel:  protocols = UNLABELED CIPSOv4 CALIPSO
[    0.222101] NetLabel:  unlabeled traffic allowed by default
[    0.222722] clocksource: Switched to clocksource kvm-clock
[    0.227886] VFS: Disk quotas dquot_6.6.0
[    0.228623] VFS: Dquot-cache hash table entries: 512 (order 0, 4096 bytes)
[    0.229440] AppArmor: AppArmor Filesystem Enabled
[    0.229989] pnp: PnP ACPI init
[    0.230894] pnp: PnP ACPI: found 3 devices
[    0.238637] clocksource: acpi_pm: mask: 0xffffff max_cycles: 0xffffff, max_idle_ns: 2085701024 ns
[    0.239781] NET: Registered protocol family 2
[    0.240351] IP idents hash table entries: 32768 (order: 6, 262144 bytes)
[    0.241234] TCP established hash table entries: 16384 (order: 5, 131072 bytes)
[    0.242085] TCP bind hash table entries: 16384 (order: 6, 262144 bytes)
[    0.243504] TCP: Hash tables configured (established 16384 bind 16384)
[    0.244314] UDP hash table entries: 1024 (order: 3, 32768 bytes)
[    0.244982] UDP-Lite hash table entries: 1024 (order: 3, 32768 bytes)
[    0.245708] NET: Registered protocol family 1
[    0.246217] pci 0000:00:00.0: Limiting direct PCI/PCI transfers
[    0.246915] pci 0000:00:01.0: Activating ISA DMA hang workarounds
[    0.247632] pci 0000:00:02.0: Video device with shadowed ROM at [mem 0x000c0000-0x000dffff]
[    0.248647] Unpacking initramfs...
[    0.450956] Freeing initrd memory: 19528K
[    0.451698] clocksource: tsc: mask: 0xffffffffffffffff max_cycles: 0x23fa754787d, max_idle_ns: 440795210092 ns
[    0.452818] platform rtc_cmos: registered platform RTC device (no PNP device found)
[    0.453669] Scanning for low memory corruption every 60 seconds
[    0.454767] Initialise system trusted keyrings
[    0.455407] Key type blacklist registered
[    0.455958] workingset: timestamp_bits=36 max_order=19 bucket_order=0
[    0.457068] zbud: loaded
[    0.457708] squashfs: version 4.0 (2009/01/31) Phillip Lougher
[    0.458478] fuse init (API version 7.26)
[    0.460264] Key type asymmetric registered
[    0.460803] Asymmetric key parser 'x509' registered
[    0.461362] Block layer SCSI generic (bsg) driver version 0.4 loaded (major 246)
[    0.462249] io scheduler noop registered
[    0.462719] io scheduler deadline registered
[    0.463236] io scheduler cfq registered (default)
[    0.463947] ACPI: AC Adapter [AC] (on-line)
[    0.464471] input: Power Button as /devices/LNXSYSTM:00/LNXPWRBN:00/input/input0
[    0.465358] ACPI: Power Button [PWRF]
[    0.465821] input: Sleep Button as /devices/LNXSYSTM:00/LNXSLPBN:00/input/input1
[    0.466643] ACPI: Sleep Button [SLPF]
[    0.467663] ACPI: Battery Slot [BAT0] (battery present)
[    0.468284] Serial: 8250/16550 driver, 32 ports, IRQ sharing enabled
[    0.490814] 00:02: ttyS0 at I/O 0x3f8 (irq = 4, base_baud = 115200) is a 16550A
[    0.492453] Linux agpgart interface v0.103
[    0.493691] loop: module loaded
[    0.494446] scsi host0: ata_piix
[    0.494916] scsi host1: ata_piix
[    0.495302] ata1: PATA max UDMA/33 cmd 0x1f0 ctl 0x3f6 bmdma 0xd000 irq 14
[    0.495987] ata2: PATA max UDMA/33 cmd 0x170 ctl 0x376 bmdma 0xd008 irq 15
[    0.496771] tun: Universal TUN/TAP device driver, 1.6
[    0.497373] PPP generic driver version 2.4.2
[    0.497884] ehci_hcd: USB 2.0 'Enhanced' Host Controller (EHCI) Driver
[    0.498601] ehci-pci: EHCI PCI platform driver
[    0.499130] ehci-platform: EHCI generic platform driver
[    0.499713] ohci_hcd: USB 1.1 'Open' Host Controller (OHCI) Driver
[    0.500404] ohci-pci: OHCI PCI platform driver
[    0.500924] ohci-platform: OHCI generic platform driver
[    0.501515] uhci_hcd: USB Universal Host Controller Interface driver
[    0.502236] i8042: PNP: PS/2 Controller [PNP0303:PS2K,PNP0f03:PS2M] at 0x60,0x64 irq 1,12
[    0.503616] serio: i8042 KBD port at 0x60,0x64 irq 1
[    0.504199] serio: i8042 AUX port at 0x60,0x64 irq 12
[    0.504820] mousedev: PS/2 mouse device common for all mice
[    0.505592] input: AT Translated Set 2 keyboard as /devices/platform/i8042/serio0/input/input2
[    0.506771] rtc_cmos rtc_cmos: rtc core: registered rtc_cmos as rtc0
[    0.507509] rtc_cmos rtc_cmos: alarms up to one day, 114 bytes nvram
[    0.508213] i2c /dev entries driver
[    0.508676] device-mapper: uevent: version 1.0.3
[    0.509223] device-mapper: ioctl: 4.37.0-ioctl (2017-09-20) initialised: dm-devel@redhat.com
[    0.510219] ledtrig-cpu: registered to indicate activity on CPUs
[    0.511165] NET: Registered protocol family 10
[    0.517462] Segment Routing with IPv6
[    0.517984] NET: Registered protocol family 17
[    0.518574] Key type dns_resolver registered
[    0.519215] mce: Using 0 MCE banks
[    0.519643] RAS: Correctable Errors collector initialized.
[    0.520271] sched_clock: Marking stable (520255112, 0)->(633635901, -113380789)
[    0.521314] registered taskstats version 1
[    0.521761] Loading compiled-in X.509 certificates
[    0.523777] Loaded X.509 cert 'Build time autogenerated kernel key: b5b26778eaa3ab3a4a6cee031137706e947d12ad'
[    0.525075] Loaded X.509 cert 'Canonical Ltd. Live Patch Signing: 14df34d1a87cf37625abec039ef2bf521249b969'
[    0.526347] Loaded X.509 cert 'Canonical Ltd. Kernel Module Signing: 88f752e560a1e0737e31163a466ad7b70a850c19'
[    0.527358] blacklist: Loading compiled-in revocation X.509 certificates
[    0.528030] Loaded X.509 cert 'Canonical Ltd. Secure Boot Signing: 61482aa2830d0ab2ad5af10b7250da9033ddcef0'
[    0.529057] Loaded X.509 cert 'Canonical Ltd. Secure Boot Signing (2017): 242ade75ac4a15e50d50c84b0d45ff3eae707a03'
[    0.530115] Loaded X.509 cert 'Canonical Ltd. Secure Boot Signing (ESM 2018): 365188c1d374d6b07c3c8f240f8ef722433d6a8b'
[    0.531186] Loaded X.509 cert 'Canonical Ltd. Secure Boot Signing (2019): c0746fd6c5da3ae827864651ad66ae47fe24b3e8'
[    0.532250] Loaded X.509 cert 'Canonical Ltd. Secure Boot Signing (2021 v1): a8d54bbb3825cfb94fa13c9f8a594a195c107b8d'
[    0.533354] Loaded X.509 cert 'Canonical Ltd. Secure Boot Signing (2021 v2): 4cf046892d6fd3c9a5b03f98d845f90851dc6a8c'
[    0.534416] Loaded X.509 cert 'Canonical Ltd. Secure Boot Signing (2021 v3): 100437bb6de6e469b581e61cd66bce3ef4ed53af'
[    0.535528] Loaded X.509 cert 'Canonical Ltd. Secure Boot Signing (Ubuntu Core 2019): c1d57b8f6b743f23ee41f4f7ee292f06eecadfb9'
[    0.536809] zswap: loaded using pool lzo/zbud
[    0.540482] Key type big_key registered
[    0.540944] Key type trusted registered
[    0.542472] Key type encrypted registered
[    0.542949] AppArmor: AppArmor sha1 policy hashing enabled
[    0.543515] ima: No TPM chip found, activating TPM-bypass! (rc=-19)
[    0.544186] ima: Allocated hash algorithm: sha1
[    0.544680] evm: HMAC attrs: 0x1
[    0.545178]   Magic number: 8:973:699
[    0.545750] rtc_cmos rtc_cmos: setting system clock to 2024-01-10 20:39:10 UTC (1704919150)
[    0.546776] BIOS EDD facility v0.16 2004-Jun-25, 0 devices found
[    0.547399] EDD information not available.
[    0.681947] Freeing unused kernel image memory: 2480K
[    0.696281] Write protecting the kernel read-only data: 20480k
[    0.697884] Freeing unused kernel image memory: 2008K
[    0.699156] Freeing unused kernel image memory: 1820K
[    0.703876] x86/mm: Checked W+X mappings: passed, no W+X pages found.
[    0.704612] x86/mm: Checking user space page tables
[    0.708024] x86/mm: Checked W+X mappings: passed, no W+X pages found.
Loading, please wait...
starting version 237
[    0.745743] e1000: Intel(R) PRO/1000 Network Driver - version 7.3.21-k8-NAPI
[    0.746706] e1000: Copyright (c) 1999-2006 Intel Corporation.
[    0.749446] Fusion MPT base driver 3.04.20
[    0.750090] Copyright (c) 1999-2008 LSI Corporation
[    0.759228] Fusion MPT SPI Host driver 3.04.20
[    0.761163] AVX2 version of gcm_enc/dec engaged.
[    0.761855] AES CTR mode by8 optimization enabled
[    0.954537] input: ImExPS/2 Generic Explorer Mouse as /devices/platform/i8042/serio1/input/input4
[    1.145806] e1000 0000:00:03.0 eth0: (PCI:33MHz:32-bit) 02:3b:7b:b7:3b:2d
[    1.146717] e1000 0000:00:03.0 eth0: Intel(R) PRO/1000 Network Connection
[    1.779959] e1000 0000:00:08.0 eth1: (PCI:33MHz:32-bit) 08:00:27:6d:d1:ba
[    1.780966] e1000 0000:00:08.0 eth1: Intel(R) PRO/1000 Network Connection
[    1.782308] e1000 0000:00:08.0 enp0s8: renamed from eth1
[    1.782683] mptbase: ioc0: Initiating bringup
[    1.811943] e1000 0000:00:03.0 enp0s3: renamed from eth0
[    1.893027] ioc0: LSI53C1030 A0: Capabilities={Initiator}
[    2.146070] scsi host2: ioc0: LSI53C1030 A0, FwRev=00000000h, Ports=1, MaxQ=256, IRQ=20
[    2.317844] scsi 2:0:0:0: Direct-Access     VBOX     HARDDISK         1.0  PQ: 0 ANSI: 5
[    2.768729] scsi target2:0:0: Beginning Domain Validation
[    2.775935] scsi target2:0:0: Domain Validation skipping write tests
[    2.778783] scsi target2:0:0: Ending Domain Validation
[    2.780530] scsi target2:0:0: asynchronous
[    2.781918] scsi 2:0:1:0: Direct-Access     VBOX     HARDDISK         1.0  PQ: 0 ANSI: 5
[    3.144697] scsi target2:0:1: Beginning Domain Validation
[    3.151230] scsi target2:0:1: Domain Validation skipping write tests
[    3.151914] scsi target2:0:1: Ending Domain Validation
[    3.152485] scsi target2:0:1: asynchronous
[    3.155485] sd 2:0:0:0: Attached scsi generic sg0 type 0
[    3.157196] sd 2:0:1:0: [sdb] 20480 512-byte logical blocks: (10.5 MB/10.0 MiB)
[    3.157220] sd 2:0:0:0: [sda] 83886080 512-byte logical blocks: (42.9 GB/40.0 GiB)
[    3.158506] sd 2:0:1:0: [sdb] Write Protect is off
[    3.161288] sd 2:0:1:0: Attached scsi generic sg1 type 0
[    3.161331] sd 2:0:0:0: [sda] Write Protect is off
[    3.161911] sd 2:0:1:0: [sdb] Incomplete mode parameter data
[    3.163621] sd 2:0:1:0: [sdb] Assuming drive cache: write through
[    3.164514] sd 2:0:0:0: [sda] Incomplete mode parameter data
[    3.165838] sd 2:0:0:0: [sda] Assuming drive cache: write through
[    3.166311] sd 2:0:1:0: [sdb] Attached SCSI disk
[    3.169337]  sda: sda1
[    3.170492] sd 2:0:0:0: [sda] Attached SCSI disk
Begin: Loading essential drivers ... [    4.562771] raid6: sse2x1   gen() 27974 MB/s
[    4.611585] raid6: sse2x1   xor() 15482 MB/s
[    4.666322] raid6: sse2x2   gen() 31055 MB/s
[    4.723040] raid6: sse2x2   xor() 20414 MB/s
[    4.771816] raid6: sse2x4   gen() 31979 MB/s
[    4.832215] raid6: sse2x4   xor() 14734 MB/s
[    4.887989] raid6: avx2x1   gen() 45122 MB/s
[    4.947814] raid6: avx2x1   xor() 34995 MB/s
[    4.999608] raid6: avx2x2   gen() 44134 MB/s
[    5.051913] raid6: avx2x2   xor() 33953 MB/s
[    5.111817] raid6: avx2x4   gen() 51415 MB/s
[    5.166790] raid6: avx2x4   xor() 15348 MB/s
[    5.167455] raid6: using algorithm avx2x4 gen() 51415 MB/s
[    5.168011] raid6: .... xor() 15348 MB/s, rmw enabled
[    5.168558] raid6: using avx2x2 recovery algorithm
[    5.169873] xor: automatically using best checksumming function   avx       
[    5.171192] async_tx: api initialized (async)
done.
Begin: Running /scripts/init-premount ... done.
Begin: Mounting root file system ... Begin: Running /scripts/local-top ... done.
Begin: Running /scripts/local-premount ... [    5.199897] Btrfs loaded, crc32c=crc32c-intel
Scanning for Btrfs filesystems
done.
Warning: fsck not present, so skipping root file system
[    5.222767] EXT4-fs (sda1): mounted filesystem with ordered data mode. Opts: (null)
done.
Begin: Running /scripts/local-bottom ... done.
Begin: Running /scripts/init-bottom ... done.
[    5.365367] ip_tables: (C) 2000-2006 Netfilter Core Team
[    5.372826] systemd[1]: systemd 237 running in system mode. (+PAM +AUDIT +SELINUX +IMA +APPARMOR +SMACK +SYSVINIT +UTMP +LIBCRYPTSETUP +GCRYPT +GNUTLS +ACL +XZ +LZ4 +SECCOMP +BLKID +ELFUTILS +KMOD -IDN2 +IDN -PCRE2 default-hierarchy=hybrid)
[    5.375621] systemd[1]: Detected virtualization oracle.
[    5.376217] systemd[1]: Detected architecture x86-64.

Welcome to [1mUbuntu 18.04.6 LTS[0m!

[    5.379737] systemd[1]: Set hostname to <ubuntu>.
[    5.381609] systemd[1]: Initializing machine ID from random generator.
[    5.382380] systemd[1]: Installed transient /etc/machine-id file.
[    5.537073] systemd[1]: Reached target System Time Synchronized.
[[0;32m  OK  [0m] Reached target System Time Synchronized.
[    5.538823] systemd[1]: Set up automount Arbitrary Executable File Formats File System Automount Point.
[[0;32m  OK  [0m] Set up automount Arbitrary Executab…rmats File System Automount Point.
[    5.541008] systemd[1]: Reached target Mounting snaps.
[[0;32m  OK  [0m] Reached target Mounting snaps.
[    5.543590] systemd[1]: Created slice User and Session Slice.
[[0;32m  OK  [0m] Created slice User and Session Slice.
[[0;32m  OK  [0m] Reached target User and Group Name Lookups.
[[0;32m  OK  [0m] Created slice System Slice.
[[0;32m  OK  [0m] Listening on Device-mapper event daemon FIFOs.
[[0;32m  OK  [0m] Listening on Syslog Socket.
[[0;32m  OK  [0m] Listening on Journal Audit Socket.
[[0;32m  OK  [0m] Listening on Network Service Netlink Socket.
[[0;32m  OK  [0m] Listening on udev Kernel Socket.
[[0;32m  OK  [0m] Listening on Journal Socket (/dev/log).
[[0;32m  OK  [0m] Listening on LVM2 poll daemon socket.
[[0;32m  OK  [0m] Created slice system-serial\x2dgetty.slice.
[[0;32m  OK  [0m] Listening on Journal Socket.
         Mounting Huge Pages File System...
         Mounting Kernel Debug File System...
         Starting Journal Service...
         Mounting POSIX Message Queue File System...
         Starting Uncomplicated firewall...
[[0;32m  OK  [0m] Started Forward Password Requests to Wall Directory Watch.
         Starting Create list of required st…ce nodes for the current kernel...
         Starting Set the console keyboard layout...
[[0;32m  OK  [0m] Reached target Slices.
[[0;32m  OK  [0m] Listening on LVM2 metadata daemon socket.
[[0;32m  OK  [0m] Listening on fsck to fsckd communication Socket.
         Starting Load Kernel Modules...
         Starting Monitoring of LVM2 mirrors…ng dmeventd or progress polling...
[[0;32m  OK  [0m] Listening on udev Control Socket.
         Starting udev Coldplug all Devices...
[    5.618267] Loading iSCSI transport class v2.0-870.
[    5.622562] iscsi: registered transport (tcp)
         Starting File System Check on Root Device...
[[0;32m  OK  [0m] Listening on /dev/initctl Compatibility Named Pipe.
[[0;32m  OK  [0m] Reached target Swap.
[[0;32m  OK  [0m] Reached target Mounted snaps.
[[0;32m  OK  [0m] Started Journal Service.
[[0;32m  OK  [0m] Mounted Huge Pages File System.
[[0;32m  OK  [0m] Mounted Kernel Debug File System.
[[0;32m  OK  [0m] Mounted POSIX Message Queue File System.
[[0;32m  OK  [0m] Started Uncomplicated firewall.
[[0;32m  OK  [0m] Started Create list of required sta…vice nodes for the current kernel.
         Starting Create Static Device Nodes in /dev...
[    5.637840] iscsi: registered transport (iser)
[[0;32m  OK  [0m] Started Load Kernel Modules.
         Mounting FUSE Control File System...
         Starting Apply Kernel Variables...
         Mounting Kernel Configuration File System...
[[0;32m  OK  [0m] Mounted FUSE Control File System.
[[0;32m  OK  [0m] Mounted Kernel Configuration File System.
[[0;32m  OK  [0m] Started LVM2 metadata daemon.
[[0;32m  OK  [0m] Started File System Check Daemon to report status.
[[0;32m  OK  [0m] Started udev Coldplug all Devices.
[[0;32m  OK  [0m] Started Create Static Device Nodes in /dev.
[[0;32m  OK  [0m] Started Apply Kernel Variables.
[[0;32m  OK  [0m] Started Monitoring of LVM2 mirrors,…sing dmeventd or progress polling.
[[0;32m  OK  [0m] Started File System Check on Root Device.
         Starting Remount Root and Kernel File Systems...
[[0;32m  OK  [0m] Started Remount Root and Kernel File Systems.
         Starting udev Kernel Device Manager...
         Starting Flush Journal to Persistent Storage...
         Starting Load/Save Random Seed...
[[0;32m  OK  [0m] Started udev Kernel Device Manager.
[[0;32m  OK  [0m] Started Load/Save Random Seed.
[[0;32m  OK  [0m] Started Flush Journal to Persistent Storage.
[[0;32m  OK  [0m] Found device /dev/ttyS0.
[[0;32m  OK  [0m] Listening on Load/Save RF Kill Switch Status /dev/rfkill Watch.
         Mounting Arbitrary Executable File Formats File System...
[[0;32m  OK  [0m] Mounted Arbitrary Executable File Formats File System.
[[0;32m  OK  [0m] Started Set the console keyboard layout.
[[0;32m  OK  [0m] Started Dispatch Password Requests to Console Directory Watch.
[[0;32m  OK  [0m] Reached target Local Encrypted Volumes.
[[0;32m  OK  [0m] Reached target Local File Systems (Pre).
[[0;32m  OK  [0m] Reached target Local File Systems.
         Starting Tell Plymouth To Write Out Runtime Data...
         Starting Commit a transient machine-id on disk...
         Starting Create Volatile Files and Directories...
         Starting ebtables ruleset management...
         Starting AppArmor initialization...
         Starting Set console font and keymap...
[[0;32m  OK  [0m] Started Tell Plymouth To Write Out Runtime Data.
[[0;32m  OK  [0m] Started Create Volatile Files and Directories.
         Starting Update UTMP about System Boot/Shutdown...
[[0;32m  OK  [0m] Started Update UTMP about System Boot/Shutdown.
[[0;32m  OK  [0m] Started Commit a transient machine-id on disk.
[[0;32m  OK  [0m] Started ebtables ruleset management.
[[0;32m  OK  [0m] Started AppArmor initialization.
         Starting Initial cloud-init job (pre-networking)...
         Starting Load AppArmor profiles managed internally by snapd...
[[0;32m  OK  [0m] Started Load AppArmor profiles managed internally by snapd.
[[0;32m  OK  [0m] Started Set console font and keymap.
[    7.957131] cloud-init[711]: Cloud-init v. 23.1.2-0ubuntu0~18.04.1 running 'init-local' at Wed, 10 Jan 2024 20:39:17 +0000. Up 7.73 seconds.
[[0;32m  OK  [0m] Started Initial cloud-init job (pre-networking).
[[0;32m  OK  [0m] Reached target Network (Pre).
         Starting Network Service...
[[0;32m  OK  [0m] Started Network Service.
         Starting Network Name Resolution...
         Starting Wait for Network to be Configured...
[[0;32m  OK  [0m] Started Network Name Resolution.
[[0;32m  OK  [0m] Reached target Network.
[[0;32m  OK  [0m] Reached target Host and Network Name Lookups.
[[0;32m  OK  [0m] Started Wait for Network to be Configured.
         Starting Initial cloud-init job (metadata service crawler)...
[    9.470518] cloud-init[1022]: Cloud-init v. 23.1.2-0ubuntu0~18.04.1 running 'init' at Wed, 10 Jan 2024 20:39:19 +0000. Up 9.39 seconds.
[    9.472000] cloud-init[1022]: ci-info: ++++++++++++++++++++++++++++++++++++++Net device info+++++++++++++++++++++++++++++++++++++++
[    9.472880] cloud-init[1022]: ci-info: +--------+-------+----------------------------+---------------+--------+-------------------+
[    9.473724] cloud-init[1022]: ci-info: | Device |   Up  |          Address           |      Mask     | Scope  |     Hw-Address    |
[    9.474501] cloud-init[1022]: ci-info: +--------+-------+----------------------------+---------------+--------+-------------------+
[    9.475358] cloud-init[1022]: ci-info: | enp0s3 |  True |         10.0.2.15          | 255.255.255.0 | global | 02:3b:7b:b7:3b:2d |
[    9.476278] cloud-init[1022]: ci-info: | enp0s3 |  True | fe80::3b:7bff:feb7:3b2d/64 |       .       |  link  | 02:3b:7b:b7:3b:2d |
[    9.477106] cloud-init[1022]: ci-info: | enp0s8 | False |             .              |       .       |   .    | 08:00:27:6d:d1:ba |
[    9.477946] cloud-init[1022]: ci-info: |   lo   |  True |         127.0.0.1          |   255.0.0.0   |  host  |         .         |
[    9.478818] cloud-init[1022]: ci-info: |   lo   |  True |          ::1/128           |       .       |  host  |         .         |
[    9.479670] cloud-init[1022]: ci-info: +--------+-------+----------------------------+---------------+--------+-------------------+
[    9.480489] cloud-init[1022]: ci-info: ++++++++++++++++++++++++++++Route IPv4 info+++++++++++++++++++++++++++++
[    9.481284] cloud-init[1022]: ci-info: +-------+-------------+----------+-----------------+-----------+-------+
[    9.482021] cloud-init[1022]: ci-info: | Route | Destination | Gateway  |     Genmask     | Interface | Flags |
[    9.482739] cloud-init[1022]: ci-info: +-------+-------------+----------+-----------------+-----------+-------+
[    9.483459] cloud-init[1022]: ci-info: |   0   |   0.0.0.0   | 10.0.2.2 |     0.0.0.0     |   enp0s3  |   UG  |
[    9.484305] cloud-init[1022]: ci-info: |   1   |   10.0.2.0  | 0.0.0.0  |  255.255.255.0  |   enp0s3  |   U   |
[    9.485022] cloud-init[1022]: ci-info: |   2   |   10.0.2.2  | 0.0.0.0  | 255.255.255.255 |   enp0s3  |   UH  |
[    9.485791] cloud-init[1022]: ci-info: +-------+-------------+----------+-----------------+-----------+-------+
[    9.486500] cloud-init[1022]: ci-info: +++++++++++++++++++Route IPv6 info+++++++++++++++++++
[    9.487154] cloud-init[1022]: ci-info: +-------+-------------+---------+-----------+-------+
[    9.487782] cloud-init[1022]: ci-info: | Route | Destination | Gateway | Interface | Flags |
[    9.488430] cloud-init[1022]: ci-info: +-------+-------------+---------+-----------+-------+
[    9.489115] cloud-init[1022]: ci-info: |   1   |  fe80::/64  |    ::   |   enp0s3  |   U   |
[    9.489739] cloud-init[1022]: ci-info: |   3   |    local    |    ::   |   enp0s3  |   U   |
[    9.490371] cloud-init[1022]: ci-info: |   4   |   ff00::/8  |    ::   |   enp0s3  |   U   |
[    9.490988] cloud-init[1022]: ci-info: +-------+-------------+---------+-----------+-------+
[   10.135241] cloud-init[1022]: Generating public/private rsa key pair.
[   10.135852] cloud-init[1022]: Your identification has been saved in /etc/ssh/ssh_host_rsa_key.
[   10.136623] cloud-init[1022]: Your public key has been saved in /etc/ssh/ssh_host_rsa_key.pub.
[   10.137310] cloud-init[1022]: The key fingerprint is:
[   10.137793] cloud-init[1022]: SHA256:/G+79U5p5ihIcTjqwXqwigxpmFRtkfADEjUy9x1Rmdc root@ubuntu-bionic
[   10.138510] cloud-init[1022]: The key's randomart image is:
[   10.139012] cloud-init[1022]: +---[RSA 2048]----+
[   10.139456] cloud-init[1022]: | =o*...oo.o .    |
[   10.139917] cloud-init[1022]: |  = *.o .o . E   |
[   10.140405] cloud-init[1022]: |   . * .  o      |
[   10.140855] cloud-init[1022]: |  . . .. + .     |
[   10.141314] cloud-init[1022]: | .    . S +      |
[   10.141773] cloud-init[1022]: |oo   . + o      .|
[   10.142233] cloud-init[1022]: |=.    = o o   .+.|
[   10.142697] cloud-init[1022]: |+ .  o o . o..=o |
[   10.143168] cloud-init[1022]: | o .. .    .=+ oo|
[   10.143634] cloud-init[1022]: +----[SHA256]-----+
[   10.144220] cloud-init[1022]: Generating public/private dsa key pair.
[   10.144796] cloud-init[1022]: Your identification has been saved in /etc/ssh/ssh_host_dsa_key.
[   10.145509] cloud-init[1022]: Your public key has been saved in /etc/ssh/ssh_host_dsa_key.pub.
[   10.146201] cloud-init[1022]: The key fingerprint is:
[   10.146669] cloud-init[1022]: SHA256:iltYo4c8Bd5MXHzXGgJjFjebGWcq+1C1iKlcBtR1oAo root@ubuntu-bionic
[   10.147429] cloud-init[1022]: The key's randomart image is:
[   10.147947] cloud-init[1022]: +---[DSA 1024]----+
[   10.148419] cloud-init[1022]: |     .ooB+*.=.   |
[   10.148884] cloud-init[1022]: |     . =o*o&o..  |
[   10.149345] cloud-init[1022]: |    E o B.Bo.o   |
[   10.149805] cloud-init[1022]: |   . B = +  .    |
[   10.150254] cloud-init[1022]: |    . X S        |
[   10.150714] cloud-init[1022]: |   . B o o       |
[   10.151179] cloud-init[1022]: |    B +   .      |
[   10.151644] cloud-init[1022]: |     =           |
[   10.152123] cloud-init[1022]: |    .            |
[   10.152570] cloud-init[1022]: +----[SHA256]-----+
[   10.153030] cloud-init[1022]: Generating public/private ecdsa key pair.
[   10.153613] cloud-init[1022]: Your identification has been saved in /etc/ssh/ssh_host_ecdsa_key.
[   10.154358] cloud-init[1022]: Your public key has been saved in /etc/ssh/ssh_host_ecdsa_key.pub.
[   10.155096] cloud-init[1022]: The key fingerprint is:
[   10.155569] cloud-init[1022]: SHA256:aobQcMdeqAqGffIZH1HpZ5+3s61zMCsUJGsTlJYTUHw root@ubuntu-bionic
[   10.156326] cloud-init[1022]: The key's randomart image is:
[   10.156837] cloud-init[1022]: +---[ECDSA 256]---+
[   10.157284] cloud-init[1022]: |        o*++     |
[   10.157732] cloud-init[1022]: |     . o. O E    |
[   10.158187] cloud-init[1022]: |  . . =... B     |
[   10.158638] cloud-init[1022]: |.. + + o. * .    |
[   10.168271] [cloud-init[0;32m  OK  [0m[1022]: ] Started Initial cloud-init job (metadata service crawler).|o.+ = o S+ o o   |

[   10.180329] cloud-init[1022]: |.. * = o    + +  |
[[0;32m  OK  [0m] Reached target Network is Online.
[   10.192548] cloud-init[1022]: |  . + =    . . = |
[   10.204989] cloud-init[1022]: |     o      . =..|
[   10.205740] cloud-init         [1022]: Starting Availability of block devices...|             .o*.|

[   10.207799] [[0;32m  OK  [0m] Reached target Remote File Systems (Pre).
[[0;32m  OK  [0m] Reached target Remote File Systems.
[[0;32m  OK  [0m] Reached target Cloud-config availability.
[[0;32m  OK  [0m] Reached target System Initialization.
[[0;32m  OK  [0m] Listening on UUID daemon activation socket.
[[0;32m  OK  [0m] Listening on Open-iSCSI iscsid Socket.
[[0;32m  OK  [0m] Started ACPI Events Check.
cloud-init[1022]: +----[SHA256]-----+         Starting LXD - unix socket.
[[0;32m  OK  [0m] Listening on cloud-init hotplug hook socket.
[[0;32m  OK  [0m] Started Discard unused blocks once a week.
[[0;32m  OK  [0m] Started Message of the Day.
[[0;32m  OK  [0m] Started Ubuntu Advantage Timer for running repeated jobs.
[[0;32m  OK  [0m] Started Daily Cleanup of Temporary Directories.
[[0;32m  OK  [0m] Listening on ACPID Listen Socket.
[[0;32m  OK  [0m] Reached target Paths.
         Starting Socket activation for snappy daemon.
[[0;32m  OK  [0m] Listening on D-Bus System Message Bus Socket.
[[0;32m  OK  [0m] Started Daily apt download activities.
[[0;32m  OK  [0m] Started Daily apt upgrade and clean activities.
[[0;32m  OK  [0m] Reached target Timers.

[   10.217119] cloud-init[1022]: Generating public/private ed25519 key pair.
[   10.217747] cloud-init[1022]: Your identification has been saved in /etc/ssh/ssh_host_ed25519_key.
[[0;32m  OK  [0m] Listening on LXD - unix socket.
[   10.218929] cloud-init[1022]: Your public key has been saved in /etc/ssh/ssh_host_ed25519_key.pub.[[0;32m  OK  [0m] Listening on Socket activation for snappy daemon.
[[0;32m  OK  [0m] Reached target Sockets.
[[0;32m  OK  [0m] Reached target Basic System.

[[0;32m  OK  [0m] Started FUSE filesystem for LXC.
[   10.222824] cloud-init[1022]: The key fingerprint is:         Starting System Logging Service...
         Starting Permit User Sessions...
[[0;32m  OK  [0m] Reached target Login Prompts (Pre).
         Starting LXD - container startup/shutdown...

[   10.226155] cloud-init[1022]: SHA256:DyjCR5goQE9BymVQLbD02cXDHDs+ofOAkdQjQP3IaPs root@ubuntu-bionic
[   10.227702] cloud-init[1022]: The key's randomart image is:
[   10.240152] cloud-init[1022]: +--[ED25519 256]--+
[   10.240602] cloud-init[1022]: |+BBO+ +o.        |
[   10.241013] cloud-init[1022]: |+.X*++.=.        |
[   10.241543] cloud-init[1022]: |o+=**..+.        |
[   10.242034] cloud-init[1022]: |.+ +o.o.o        |
[   10.242484] cloud-init[1022]: |. +.o+.oS        |
[   10.242996] cloud-init[1022]: | . o .+ .o       |
[   10.243489] cloud-init[1022]: |  .    .  .      |
[   10.244001] cloud-init[1022]: |   E             |
[   10.244893] cloud-init[1022]: |                 |
[   10.245432] cloud-init[1022]: +----[SHA256]-----+
         Starting Snap Daemon...
         Starting Login Service...
         Starting LSB: automatic crash report generation...
         Starting Accounts Service...
[[0;32m  OK  [0m] Started D-Bus System Message Bus.
         Starting LSB: Record successful boot for GRUB...
[[0;32m  OK  [0m] Started Deferred execution scheduler.
[[0;32m  OK  [0m] Started irqbalance daemon.
         Starting Virtualbox guest utils...
         Starting Pollinate to seed the pseudo random number generator...
         Starting Dispatcher daemon for systemd-networkd...
[[0;32m  OK  [0m] Started Regular background program processing daemon.
[[0;32m  OK  [0m] Started System Logging Service.
[[0;32m  OK  [0m] Started Availability of block devices.
[[0;32m  OK  [0m] Started Permit User Sessions.
[[0;32m  OK  [0m] Started LXD - container startup/shutdown.
[[0;32m  OK  [0m] Started Login Service.
[[0;32m  OK  [0m] Started Unattended Upgrades Shutdown.
         Starting Authorization Manager...
         Starting Terminate Plymouth Boot Screen...
         Starting Hold until boot process finishes up...
[[0;32m  OK  [0m] Started Hold until boot process finishes up.
         Starting Set console scheme...
[[0;32m  OK  [0m] Started Serial Getty on ttyS0.
[[0;32m  OK  [0m] Started Terminate Plymouth Boot Screen.
[[0;32m  OK  [0m] Started Authorization Manager.
[[0;32m  OK  [0m] Started Accounts Service.
[[0;32m  OK  [0m] Started Set console scheme.
[[0;32m  OK  [0m] Created slice system-getty.slice.
[[0;32m  OK  [0m] Started Getty on tty1.
[[0;32m  OK  [0m] Reached target Login Prompts.
[[0;32m  OK  [0m] Started LSB: automatic crash report generation.
[[0;32m  OK  [0m] Started LSB: Record successful boot for GRUB.
[[0;32m  OK  [0m] Started Virtualbox guest utils.
[[0;32m  OK  [0m] Started Dispatcher daemon for systemd-networkd.
[[0;32m  OK  [0m] Started Snap Daemon.
         Starting Wait until snapd is fully seeded...
         Starting Time & Date Service...
[[0;32m  OK  [0m] Started Time & Date Service.
[[0;32m  OK  [0m] Started Pollinate to seed the pseudo random number generator.
         Starting OpenBSD Secure Shell server...
[[0;32m  OK  [0m] Started OpenBSD Secure Shell server.
[[0;32m  OK  [0m] Created slice User Slice of vagrant.
         Starting User Manager for UID 1000...
[[0;32m  OK  [0m] Started Session 1 of user vagrant.
[[0;32m  OK  [0m] Started User Manager for UID 1000.
[[0;32m  OK  [0m] Started Wait until snapd is fully seeded.
         Starting Apply the settings specified in cloud-config...
[   13.461095] cloud-init[1687]: Cloud-init v. 23.1.2-0ubuntu0~18.04.1 running 'modules:config' at Wed, 10 Jan 2024 20:39:22 +0000. Up 12.98 seconds.
[[0;32m  OK  [0m] Started Apply the settings specified in cloud-config.
[[0;32m  OK  [0m] Reached target Multi-User System.
         Starting Execute cloud user/final scripts...
[[0;32m  OK  [0m] Reached target Graphical Interface.
         Starting Update UTMP about System Runlevel Changes...
[[0;32m  OK  [0m] Started Update UTMP about System Runlevel Changes.
ci-info: no authorized SSH keys fingerprints found for user ubuntu.
<14>Jan 10 20:39:23 cloud-init: #############################################################
<14>Jan 10 20:39:23 cloud-init: -----BEGIN SSH HOST KEY FINGERPRINTS-----
<14>Jan 10 20:39:23 cloud-init: 1024 SHA256:iltYo4c8Bd5MXHzXGgJjFjebGWcq+1C1iKlcBtR1oAo root@ubuntu-bionic (DSA)
<14>Jan 10 20:39:23 cloud-init: 256 SHA256:aobQcMdeqAqGffIZH1HpZ5+3s61zMCsUJGsTlJYTUHw root@ubuntu-bionic (ECDSA)
<14>Jan 10 20:39:23 cloud-init: 256 SHA256:DyjCR5goQE9BymVQLbD02cXDHDs+ofOAkdQjQP3IaPs root@ubuntu-bionic (ED25519)
<14>Jan 10 20:39:23 cloud-init: 2048 SHA256:/G+79U5p5ihIcTjqwXqwigxpmFRtkfADEjUy9x1Rmdc root@ubuntu-bionic (RSA)
<14>Jan 10 20:39:23 cloud-init: -----END SSH HOST KEY FINGERPRINTS-----
<14>Jan 10 20:39:23 cloud-init: #############################################################
-----BEGIN SSH HOST KEY KEYS-----
ecdsa-sha2-nistp256 AAAAE2VjZHNhLXNoYTItbmlzdHAyNTYAAAAIbmlzdHAyNTYAAABBBENcCNjD7aY4cQHvKKTv43hxrr43T8SGXQj20cFle0Uz7iwB8k8XLkSmeXrwASiPAvtcJt8u2Pi0kav02KBmMGo= root@ubuntu-bionic
ssh-ed25519 AAAAC3NzaC1lZDI1NTE5AAAAIJx9/tx9v1FnO0/9xdqLQSlWAEinvjg9r5Ew1Z2+jEdS root@ubuntu-bionic
ssh-rsa AAAAB3NzaC1yc2EAAAADAQABAAABAQDjBQpD29LvA/tbBA5KMnkWOj6Ri6k3R2emDnbc27uPlCpQLd+ZboiyRpAIDKNIew1Cm7pQJNfyjRjbkmCWcFfAPFhSIESse399bfty4re++OhusGh9c/M4YfQbbpcQ36BEZuMbiKjZG84sl7ZxJ3jYG6pnUGs/jvvLHv6ishx6hPLXznJNWWWTYnUGMWE0ezSD8CAhNUz/WDPAoFYb0Ub1swyCW6aHChO/3tFNISt7X046ptWrdJqcZXcPC/33BxVE+Nzs/BzWmMBTTpE3qNRzCOwji6kWdICQl6BkJ6ZsOlQNV9y6JrYk/MwdXArd7xakmfhZhDRvmE4f9vAYcA1f root@ubuntu-bionic
-----END SSH HOST KEY KEYS-----
[   13.917660] cloud-init[1785]: Cloud-init v. 23.1.2-0ubuntu0~18.04.1 running 'modules:final' at Wed, 10 Jan 2024 20:39:23 +0000. Up 13.76 seconds.
[   13.920268] cloud-init[1785]: Cloud-init v. 23.1.2-0ubuntu0~18.04.1 finished at Wed, 10 Jan 2024 20:39:23 +0000. Datasource DataSourceNoCloud [seed=/dev/sdb][dsmode=net].  Up 13.90 seconds
[[0;32m  OK  [0m] Started Execute cloud user/final scripts.
[[0;32m  OK  [0m] Reached target Cloud-init target.

Ubuntu 18.04.6 LTS ubuntu-bionic ttyS0

ubuntu-bionic login: 